<?xml version="1.0" encoding="UTF-8"?>
<!-- Generated by org.testng.reporters.JUnitReportReporter -->
<testsuite hostname="Ron-Techpubs" name="com.hurl.algorithm.HashTableTest" tests="1" failures="0" timestamp="30 Oct 2014 06:18:02 GMT" time="0.055" errors="0">
  <testcase name="testNullMap" time="0.055" classname="com.hurl.algorithm.HashTableTest"/>
</testsuite> <!-- com.hurl.algorithm.HashTableTest -->
