<?xml version="1.0" encoding="UTF-8"?>
<!-- Generated by org.testng.reporters.JUnitReportReporter -->
<testsuite hostname="Ron-Techpubs" name="com.hurl.algorithm.SortTest" tests="2" failures="0" timestamp="31 Oct 2014 03:34:19 GMT" time="0.069" errors="0">
  <testcase name="testQuickSort" time="0.019" classname="com.hurl.algorithm.SortTest"/>
  <testcase name="mergeSort" time="0.050" classname="com.hurl.algorithm.SortTest"/>
</testsuite> <!-- com.hurl.algorithm.SortTest -->
